<?xml version="1.0" encoding="UTF-8"?>
<testsuite xmlns:xsi="http://www.w3.org/2001/XMLSchema-instance" xsi:noNamespaceSchemaLocation="https://maven.apache.org/surefire/maven-surefire-plugin/xsd/surefire-test-report-3.0.xsd" version="3.0" name="logic.so.ZapamtiTerminSOTest" time="2.581" tests="3" errors="0" skipped="0" failures="0">
  <properties>
    <property name="java.specification.version" value="20"/>
    <property name="sun.cpu.isalist" value="amd64"/>
    <property name="sun.jnu.encoding" value="Cp1252"/>
    <property name="java.class.path" value="C:\Users\Mihajlo Popovic\OneDrive\Desktop\NP\np_projekat\NP_Server\target\test-classes;C:\Users\Mihajlo Popovic\OneDrive\Desktop\NP\np_projekat\NP_Server\target\classes;C:\Users\Mihajlo Popovic\.m2\repository\com\np_common\NP_Common\1.0-SNAPSHOT\NP_Common-1.0-SNAPSHOT.jar;C:\Users\Mihajlo Popovic\.m2\repository\com\fasterxml\jackson\core\jackson-databind\2.13.3\jackson-databind-2.13.3.jar;C:\Users\Mihajlo Popovic\.m2\repository\com\fasterxml\jackson\core\jackson-annotations\2.13.3\jackson-annotations-2.13.3.jar;C:\Users\Mihajlo Popovic\.m2\repository\com\fasterxml\jackson\core\jackson-core\2.13.3\jackson-core-2.13.3.jar;C:\Users\Mihajlo Popovic\.m2\repository\mysql\mysql-connector-java\8.0.26\mysql-connector-java-8.0.26.jar;C:\Users\Mihajlo Popovic\.m2\repository\com\google\protobuf\protobuf-java\3.11.4\protobuf-java-3.11.4.jar;C:\Users\Mihajlo Popovic\.m2\repository\org\junit\jupiter\junit-jupiter-api\5.8.1\junit-jupiter-api-5.8.1.jar;C:\Users\Mihajlo Popovic\.m2\repository\org\opentest4j\opentest4j\1.2.0\opentest4j-1.2.0.jar;C:\Users\Mihajlo Popovic\.m2\repository\org\junit\platform\junit-platform-commons\1.8.1\junit-platform-commons-1.8.1.jar;C:\Users\Mihajlo Popovic\.m2\repository\org\apiguardian\apiguardian-api\1.1.2\apiguardian-api-1.1.2.jar;C:\Users\Mihajlo Popovic\.m2\repository\org\junit\jupiter\junit-jupiter-engine\5.8.1\junit-jupiter-engine-5.8.1.jar;C:\Users\Mihajlo Popovic\.m2\repository\org\junit\platform\junit-platform-engine\1.8.1\junit-platform-engine-1.8.1.jar;C:\Users\Mihajlo Popovic\.m2\repository\org\mockito\mockito-core\5.5.0\mockito-core-5.5.0.jar;C:\Users\Mihajlo Popovic\.m2\repository\net\bytebuddy\byte-buddy\1.14.6\byte-buddy-1.14.6.jar;C:\Users\Mihajlo Popovic\.m2\repository\net\bytebuddy\byte-buddy-agent\1.14.6\byte-buddy-agent-1.14.6.jar;C:\Users\Mihajlo Popovic\.m2\repository\org\objenesis\objenesis\3.3\objenesis-3.3.jar;"/>
    <property name="java.vm.vendor" value="Oracle Corporation"/>
    <property name="sun.arch.data.model" value="64"/>
    <property name="user.variant" value=""/>
    <property name="java.vendor.url" value="https://java.oracle.com/"/>
    <property name="user.timezone" value="Europe/Budapest"/>
    <property name="os.name" value="Windows 11"/>
    <property name="java.vm.specification.version" value="20"/>
    <property name="user.country" value="GB"/>
    <property name="sun.java.launcher" value="SUN_STANDARD"/>
    <property name="sun.boot.library.path" value="C:\Program Files\Java\jdk-20\bin"/>
    <property name="sun.java.command" value="C:\Users\Mihajlo Popovic\AppData\Local\Temp\surefire7774908490960118438\surefirebooter-20240728160648335_3.jar C:\Users\Mihajlo Popovic\AppData\Local\Temp\surefire7774908490960118438 2024-07-28T16-06-48_011-jvmRun1 surefire-20240728160648335_1tmp surefire_0-20240728160648335_2tmp"/>
    <property name="jdk.debug" value="release"/>
    <property name="test" value="logic.so.ZapamtiTerminSOTest"/>
    <property name="surefire.test.class.path" value="C:\Users\Mihajlo Popovic\OneDrive\Desktop\NP\np_projekat\NP_Server\target\test-classes;C:\Users\Mihajlo Popovic\OneDrive\Desktop\NP\np_projekat\NP_Server\target\classes;C:\Users\Mihajlo Popovic\.m2\repository\com\np_common\NP_Common\1.0-SNAPSHOT\NP_Common-1.0-SNAPSHOT.jar;C:\Users\Mihajlo Popovic\.m2\repository\com\fasterxml\jackson\core\jackson-databind\2.13.3\jackson-databind-2.13.3.jar;C:\Users\Mihajlo Popovic\.m2\repository\com\fasterxml\jackson\core\jackson-annotations\2.13.3\jackson-annotations-2.13.3.jar;C:\Users\Mihajlo Popovic\.m2\repository\com\fasterxml\jackson\core\jackson-core\2.13.3\jackson-core-2.13.3.jar;C:\Users\Mihajlo Popovic\.m2\repository\mysql\mysql-connector-java\8.0.26\mysql-connector-java-8.0.26.jar;C:\Users\Mihajlo Popovic\.m2\repository\com\google\protobuf\protobuf-java\3.11.4\protobuf-java-3.11.4.jar;C:\Users\Mihajlo Popovic\.m2\repository\org\junit\jupiter\junit-jupiter-api\5.8.1\junit-jupiter-api-5.8.1.jar;C:\Users\Mihajlo Popovic\.m2\repository\org\opentest4j\opentest4j\1.2.0\opentest4j-1.2.0.jar;C:\Users\Mihajlo Popovic\.m2\repository\org\junit\platform\junit-platform-commons\1.8.1\junit-platform-commons-1.8.1.jar;C:\Users\Mihajlo Popovic\.m2\repository\org\apiguardian\apiguardian-api\1.1.2\apiguardian-api-1.1.2.jar;C:\Users\Mihajlo Popovic\.m2\repository\org\junit\jupiter\junit-jupiter-engine\5.8.1\junit-jupiter-engine-5.8.1.jar;C:\Users\Mihajlo Popovic\.m2\repository\org\junit\platform\junit-platform-engine\1.8.1\junit-platform-engine-1.8.1.jar;C:\Users\Mihajlo Popovic\.m2\repository\org\mockito\mockito-core\5.5.0\mockito-core-5.5.0.jar;C:\Users\Mihajlo Popovic\.m2\repository\net\bytebuddy\byte-buddy\1.14.6\byte-buddy-1.14.6.jar;C:\Users\Mihajlo Popovic\.m2\repository\net\bytebuddy\byte-buddy-agent\1.14.6\byte-buddy-agent-1.14.6.jar;C:\Users\Mihajlo Popovic\.m2\repository\org\objenesis\objenesis\3.3\objenesis-3.3.jar;"/>
    <property name="sun.cpu.endian" value="little"/>
    <property name="user.home" value="C:\Users\Mihajlo Popovic"/>
    <property name="user.language" value="en"/>
    <property name="java.specification.vendor" value="Oracle Corporation"/>
    <property name="java.version.date" value="2023-04-18"/>
    <property name="java.home" value="C:\Program Files\Java\jdk-20"/>
    <property name="file.separator" value="\"/>
    <property name="basedir" value="C:\Users\Mihajlo Popovic\OneDrive\Desktop\NP\np_projekat\NP_Server"/>
    <property name="java.vm.compressedOopsMode" value="Zero based"/>
    <property name="line.separator" value="&#10;"/>
    <property name="java.vm.specification.vendor" value="Oracle Corporation"/>
    <property name="java.specification.name" value="Java Platform API Specification"/>
    <property name="surefire.real.class.path" value="C:\Users\Mihajlo Popovic\AppData\Local\Temp\surefire7774908490960118438\surefirebooter-20240728160648335_3.jar"/>
    <property name="user.script" value=""/>
    <property name="sun.management.compiler" value="HotSpot 64-Bit Tiered Compilers"/>
    <property name="java.runtime.version" value="20.0.1+9-29"/>
    <property name="user.name" value="Mihajlo Popovic"/>
    <property name="stdout.encoding" value="Cp1252"/>
    <property name="path.separator" value=";"/>
    <property name="os.version" value="10.0"/>
    <property name="java.runtime.name" value="Java(TM) SE Runtime Environment"/>
    <property name="file.encoding" value="UTF-8"/>
    <property name="java.vm.name" value="Java HotSpot(TM) 64-Bit Server VM"/>
    <property name="maven.ext.class.path" value="C:\Program Files\NetBeans-19\netbeans\java\maven-nblib\netbeans-eventspy.jar"/>
    <property name="localRepository" value="C:\Users\Mihajlo Popovic\.m2\repository"/>
    <property name="java.vendor.url.bug" value="https://bugreport.java.com/bugreport/"/>
    <property name="java.io.tmpdir" value="C:\Users\MIHAJL~1\AppData\Local\Temp\"/>
    <property name="java.version" value="20.0.1"/>
    <property name="user.dir" value="C:\Users\Mihajlo Popovic\OneDrive\Desktop\NP\np_projekat\NP_Server"/>
    <property name="os.arch" value="amd64"/>
    <property name="java.vm.specification.name" value="Java Virtual Machine Specification"/>
    <property name="sun.os.patch.level" value=""/>
    <property name="native.encoding" value="Cp1252"/>
    <property name="java.library.path" value="C:\Program Files\Java\jdk-20\bin;C:\WINDOWS\Sun\Java\bin;C:\WINDOWS\system32;C:\WINDOWS;C:\Program Files\Python311\Scripts\;C:\Program Files\Python311\;C:\Program Files\Python312\Scripts\;C:\Program Files\Python312\;C:\Program Files\Common Files\Oracle\Java\javapath;C:\WINDOWS\system32;C:\WINDOWS;C:\WINDOWS\System32\Wbem;C:\WINDOWS\System32\WindowsPowerShell\v1.0\;C:\WINDOWS\System32\OpenSSH\;C:\Program Files\dotnet\;C:\php-8.2.10;C:\xampp\php;C:\Program Files\nodejs\;C:\Users\Mihajlo Popovic\Downloads\apache-maven-3.9.6-bin\apache-maven-3.9.6;C:\Program Files\Git\cmd;C:\Users\Mihajlo Popovic\AppData\Local\Microsoft\WindowsApps;;C:\Users\Mihajlo Popovic\.dotnet\tools;C:\Program Files\JetBrains\PyCharm 2023.2.2\bin;;C:\Users\Mihajlo Popovic\AppData\Local\Programs\Microsoft VS Code\bin;C:\Program Files\JetBrains\DataSpell 2023.3.2\bin;;C:\Users\Mihajlo Popovic\AppData\Roaming\npm;."/>
    <property name="java.vm.info" value="mixed mode, sharing"/>
    <property name="stderr.encoding" value="Cp1252"/>
    <property name="java.vendor" value="Oracle Corporation"/>
    <property name="java.vm.version" value="20.0.1+9-29"/>
    <property name="sun.io.unicode.encoding" value="UnicodeLittle"/>
    <property name="java.class.version" value="64.0"/>
  </properties>
  <testcase name="testValidateInvalidArgument" classname="logic.so.ZapamtiTerminSOTest" time="2.306">
    <system-out><![CDATA[Konekcija sa bazom podataka uspesno uspostavljena!
Konekcija sa bazom podataka uspesno uspostavljena!
Konekcija sa bazom podataka uspesno uspostavljena!
Konekcija sa bazom podataka uspesno uspostavljena!
Konekcija sa bazom podataka uspesno uspostavljena!
Konekcija sa bazom podataka uspesno uspostavljena!
Konekcija sa bazom podataka uspesno uspostavljena!
Konekcija sa bazom podataka uspesno uspostavljena!
Konekcija sa bazom podataka uspesno uspostavljena!
Konekcija sa bazom podataka uspesno uspostavljena!
Konekcija sa bazom podataka uspesno uspostavljena!
Konekcija sa bazom podataka uspesno uspostavljena!
Konekcija sa bazom podataka uspesno uspostavljena!
Konekcija sa bazom podataka uspesno uspostavljena!
Konekcija sa bazom podataka uspesno uspostavljena!
Konekcija sa bazom podataka uspesno uspostavljena!
Konekcija sa bazom podataka uspesno uspostavljena!
Konekcija sa bazom podataka uspesno uspostavljena!
Konekcija sa bazom podataka uspesno uspostavljena!
Konekcija sa bazom podataka uspesno uspostavljena!
Konekcija sa bazom podataka uspesno uspostavljena!
Konekcija sa bazom podataka uspesno uspostavljena!
Konekcija sa bazom podataka uspesno uspostavljena!
Konekcija sa bazom podataka uspesno uspostavljena!
Konekcija sa bazom podataka uspesno uspostavljena!
Konekcija sa bazom podataka uspesno uspostavljena!
Konekcija sa bazom podataka uspesno uspostavljena!
Konekcija sa bazom podataka uspesno uspostavljena!
Konekcija sa bazom podataka uspesno uspostavljena!
Konekcija sa bazom podataka uspesno uspostavljena!
Konekcija sa bazom podataka uspesno uspostavljena!
Konekcija sa bazom podataka uspesno uspostavljena!
Konekcija sa bazom podataka uspesno uspostavljena!
Konekcija sa bazom podataka uspesno uspostavljena!
Konekcija sa bazom podataka uspesno uspostavljena!
Konekcija sa bazom podataka uspesno uspostavljena!
Konekcija sa bazom podataka uspesno uspostavljena!
Konekcija sa bazom podataka uspesno uspostavljena!
Konekcija sa bazom podataka uspesno uspostavljena!
Konekcija sa bazom podataka uspesno uspostavljena!
Konekcija sa bazom podataka uspesno uspostavljena!
Konekcija sa bazom podataka uspesno uspostavljena!
Konekcija sa bazom podataka uspesno uspostavljena!
Konekcija sa bazom podataka uspesno uspostavljena!
Konekcija sa bazom podataka uspesno uspostavljena!
Konekcija sa bazom podataka uspesno uspostavljena!
Konekcija sa bazom podataka uspesno uspostavljena!
Konekcija sa bazom podataka uspesno uspostavljena!
Konekcija sa bazom podataka uspesno uspostavljena!
Konekcija sa bazom podataka uspesno uspostavljena!
]]></system-out>
  </testcase>
  <testcase name="testValidateValidArgument" classname="logic.so.ZapamtiTerminSOTest" time="0.008"/>
  <testcase name="testExecuteOperation" classname="logic.so.ZapamtiTerminSOTest" time="0.17">
    <system-out><![CDATA[Upit: INSERT INTO termin (PIB,vreme,datum,frizer,slobodan,korisnikid,uslugaid ) VALUES (2, '11:15', '3924-11-10', 'Petko', true, 1, 0)]]></system-out>
    <system-err><![CDATA[Jul 28, 2024 4:06:53 PM db.DBBroker executeUpdate
SEVERE: null
java.sql.SQLIntegrityConstraintViolationException: Cannot add or update a child row: a foreign key constraint fails (`np`.`termin`, CONSTRAINT `fk_usluga` FOREIGN KEY (`uslugaid`) REFERENCES `usluga` (`uslugaid`))
	at com.mysql.cj.jdbc.exceptions.SQLError.createSQLException(SQLError.java:117)
	at com.mysql.cj.jdbc.exceptions.SQLExceptionsMapping.translateException(SQLExceptionsMapping.java:122)
	at com.mysql.cj.jdbc.StatementImpl.executeUpdateInternal(StatementImpl.java:1337)
	at com.mysql.cj.jdbc.StatementImpl.executeLargeUpdate(StatementImpl.java:2112)
	at com.mysql.cj.jdbc.StatementImpl.executeUpdate(StatementImpl.java:1247)
	at db.DBBroker.executeUpdate(DBBroker.java:213)
	at db.DBBroker.insert(DBBroker.java:177)
	at logic.so.ZapamtiTerminSO.executeOperation(ZapamtiTerminSO.java:48)
	at logic.so.AbstractSO.execute(AbstractSO.java:49)
	at logic.so.ZapamtiTerminSOTest.testExecuteOperation(ZapamtiTerminSOTest.java:57)
	at java.base/jdk.internal.reflect.DirectMethodHandleAccessor.invoke(DirectMethodHandleAccessor.java:104)
	at java.base/java.lang.reflect.Method.invoke(Method.java:578)
	at org.junit.platform.commons.util.ReflectionUtils.invokeMethod(ReflectionUtils.java:725)
	at org.junit.jupiter.engine.execution.MethodInvocation.proceed(MethodInvocation.java:60)
	at org.junit.jupiter.engine.execution.InvocationInterceptorChain$ValidatingInvocation.proceed(InvocationInterceptorChain.java:131)
	at org.junit.jupiter.engine.extension.TimeoutExtension.intercept(TimeoutExtension.java:149)
	at org.junit.jupiter.engine.extension.TimeoutExtension.interceptTestableMethod(TimeoutExtension.java:140)
	at org.junit.jupiter.engine.extension.TimeoutExtension.interceptTestMethod(TimeoutExtension.java:84)
	at org.junit.jupiter.engine.execution.ExecutableInvoker$ReflectiveInterceptorCall.lambda$ofVoidMethod$0(ExecutableInvoker.java:115)
	at org.junit.jupiter.engine.execution.ExecutableInvoker.lambda$invoke$0(ExecutableInvoker.java:105)
	at org.junit.jupiter.engine.execution.InvocationInterceptorChain$InterceptedInvocation.proceed(InvocationInterceptorChain.java:106)
	at org.junit.jupiter.engine.execution.InvocationInterceptorChain.proceed(InvocationInterceptorChain.java:64)
	at org.junit.jupiter.engine.execution.InvocationInterceptorChain.chainAndInvoke(InvocationInterceptorChain.java:45)
	at org.junit.jupiter.engine.execution.InvocationInterceptorChain.invoke(InvocationInterceptorChain.java:37)
	at org.junit.jupiter.engine.execution.ExecutableInvoker.invoke(ExecutableInvoker.java:104)
	at org.junit.jupiter.engine.execution.ExecutableInvoker.invoke(ExecutableInvoker.java:98)
	at org.junit.jupiter.engine.descriptor.TestMethodTestDescriptor.lambda$invokeTestMethod$7(TestMethodTestDescriptor.java:214)
	at org.junit.platform.engine.support.hierarchical.ThrowableCollector.execute(ThrowableCollector.java:73)
	at org.junit.jupiter.engine.descriptor.TestMethodTestDescriptor.invokeTestMethod(TestMethodTestDescriptor.java:210)
	at org.junit.jupiter.engine.descriptor.TestMethodTestDescriptor.execute(TestMethodTestDescriptor.java:135)
	at org.junit.jupiter.engine.descriptor.TestMethodTestDescriptor.execute(TestMethodTestDescriptor.java:66)
	at org.junit.platform.engine.support.hierarchical.NodeTestTask.lambda$executeRecursively$6(NodeTestTask.java:151)
	at org.junit.platform.engine.support.hierarchical.ThrowableCollector.execute(ThrowableCollector.java:73)
	at org.junit.platform.engine.support.hierarchical.NodeTestTask.lambda$executeRecursively$8(NodeTestTask.java:141)
	at org.junit.platform.engine.support.hierarchical.Node.around(Node.java:137)
	at org.junit.platform.engine.support.hierarchical.NodeTestTask.lambda$executeRecursively$9(NodeTestTask.java:139)
	at org.junit.platform.engine.support.hierarchical.ThrowableCollector.execute(ThrowableCollector.java:73)
	at org.junit.platform.engine.support.hierarchical.NodeTestTask.executeRecursively(NodeTestTask.java:138)
	at org.junit.platform.engine.support.hierarchical.NodeTestTask.execute(NodeTestTask.java:95)
	at java.base/java.util.ArrayList.forEach(ArrayList.java:1511)
	at org.junit.platform.engine.support.hierarchical.SameThreadHierarchicalTestExecutorService.invokeAll(SameThreadHierarchicalTestExecutorService.java:41)
	at org.junit.platform.engine.support.hierarchical.NodeTestTask.lambda$executeRecursively$6(NodeTestTask.java:155)
	at org.junit.platform.engine.support.hierarchical.ThrowableCollector.execute(ThrowableCollector.java:73)
	at org.junit.platform.engine.support.hierarchical.NodeTestTask.lambda$executeRecursively$8(NodeTestTask.java:141)
	at org.junit.platform.engine.support.hierarchical.Node.around(Node.java:137)
	at org.junit.platform.engine.support.hierarchical.NodeTestTask.lambda$executeRecursively$9(NodeTestTask.java:139)
	at org.junit.platform.engine.support.hierarchical.ThrowableCollector.execute(ThrowableCollector.java:73)
	at org.junit.platform.engine.support.hierarchical.NodeTestTask.executeRecursively(NodeTestTask.java:138)
	at org.junit.platform.engine.support.hierarchical.NodeTestTask.execute(NodeTestTask.java:95)
	at java.base/java.util.ArrayList.forEach(ArrayList.java:1511)
	at org.junit.platform.engine.support.hierarchical.SameThreadHierarchicalTestExecutorService.invokeAll(SameThreadHierarchicalTestExecutorService.java:41)
	at org.junit.platform.engine.support.hierarchical.NodeTestTask.lambda$executeRecursively$6(NodeTestTask.java:155)
	at org.junit.platform.engine.support.hierarchical.ThrowableCollector.execute(ThrowableCollector.java:73)
	at org.junit.platform.engine.support.hierarchical.NodeTestTask.lambda$executeRecursively$8(NodeTestTask.java:141)
	at org.junit.platform.engine.support.hierarchical.Node.around(Node.java:137)
	at org.junit.platform.engine.support.hierarchical.NodeTestTask.lambda$executeRecursively$9(NodeTestTask.java:139)
	at org.junit.platform.engine.support.hierarchical.ThrowableCollector.execute(ThrowableCollector.java:73)
	at org.junit.platform.engine.support.hierarchical.NodeTestTask.executeRecursively(NodeTestTask.java:138)
	at org.junit.platform.engine.support.hierarchical.NodeTestTask.execute(NodeTestTask.java:95)
	at org.junit.platform.engine.support.hierarchical.SameThreadHierarchicalTestExecutorService.submit(SameThreadHierarchicalTestExecutorService.java:35)
	at org.junit.platform.engine.support.hierarchical.HierarchicalTestExecutor.execute(HierarchicalTestExecutor.java:57)
	at org.junit.platform.engine.support.hierarchical.HierarchicalTestEngine.execute(HierarchicalTestEngine.java:54)
	at org.junit.platform.launcher.core.EngineExecutionOrchestrator.execute(EngineExecutionOrchestrator.java:107)
	at org.junit.platform.launcher.core.EngineExecutionOrchestrator.execute(EngineExecutionOrchestrator.java:88)
	at org.junit.platform.launcher.core.EngineExecutionOrchestrator.lambda$execute$0(EngineExecutionOrchestrator.java:54)
	at org.junit.platform.launcher.core.EngineExecutionOrchestrator.withInterceptedStreams(EngineExecutionOrchestrator.java:67)
	at org.junit.platform.launcher.core.EngineExecutionOrchestrator.execute(EngineExecutionOrchestrator.java:52)
	at org.junit.platform.launcher.core.DefaultLauncher.execute(DefaultLauncher.java:114)
	at org.junit.platform.launcher.core.DefaultLauncher.execute(DefaultLauncher.java:86)
	at org.junit.platform.launcher.core.DefaultLauncherSession$DelegatingLauncher.execute(DefaultLauncherSession.java:86)
	at org.apache.maven.surefire.junitplatform.LazyLauncher.execute(LazyLauncher.java:56)
	at org.apache.maven.surefire.junitplatform.JUnitPlatformProvider.execute(JUnitPlatformProvider.java:184)
	at org.apache.maven.surefire.junitplatform.JUnitPlatformProvider.invokeAllTests(JUnitPlatformProvider.java:148)
	at org.apache.maven.surefire.junitplatform.JUnitPlatformProvider.invoke(JUnitPlatformProvider.java:122)
	at org.apache.maven.surefire.booter.ForkedBooter.runSuitesInProcess(ForkedBooter.java:385)
	at org.apache.maven.surefire.booter.ForkedBooter.execute(ForkedBooter.java:162)
	at org.apache.maven.surefire.booter.ForkedBooter.run(ForkedBooter.java:507)
	at org.apache.maven.surefire.booter.ForkedBooter.main(ForkedBooter.java:495)

]]></system-err>
  </testcase>
</testsuite>