<?xml version="1.0" encoding="UTF-8"?>
<testsuite xmlns:xsi="http://www.w3.org/2001/XMLSchema-instance" xsi:noNamespaceSchemaLocation="https://maven.apache.org/surefire/maven-surefire-plugin/xsd/surefire-test-report-3.0.xsd" version="3.0" name="logic.so.AbstractSOTest" time="1.277" tests="4" errors="0" skipped="0" failures="0">
  <properties>
    <property name="java.specification.version" value="20"/>
    <property name="sun.cpu.isalist" value="amd64"/>
    <property name="sun.jnu.encoding" value="Cp1252"/>
    <property name="java.class.path" value="C:\Users\Mihajlo Popovic\OneDrive\Desktop\NP\np_projekat\NP_Server\target\test-classes;C:\Users\Mihajlo Popovic\OneDrive\Desktop\NP\np_projekat\NP_Server\target\classes;C:\Users\Mihajlo Popovic\.m2\repository\com\np_common\NP_Common\1.0-SNAPSHOT\NP_Common-1.0-SNAPSHOT.jar;C:\Users\Mihajlo Popovic\.m2\repository\com\fasterxml\jackson\core\jackson-databind\2.13.3\jackson-databind-2.13.3.jar;C:\Users\Mihajlo Popovic\.m2\repository\com\fasterxml\jackson\core\jackson-annotations\2.13.3\jackson-annotations-2.13.3.jar;C:\Users\Mihajlo Popovic\.m2\repository\com\fasterxml\jackson\core\jackson-core\2.13.3\jackson-core-2.13.3.jar;C:\Users\Mihajlo Popovic\.m2\repository\mysql\mysql-connector-java\8.0.26\mysql-connector-java-8.0.26.jar;C:\Users\Mihajlo Popovic\.m2\repository\com\google\protobuf\protobuf-java\3.11.4\protobuf-java-3.11.4.jar;C:\Users\Mihajlo Popovic\.m2\repository\org\junit\jupiter\junit-jupiter-api\5.8.1\junit-jupiter-api-5.8.1.jar;C:\Users\Mihajlo Popovic\.m2\repository\org\opentest4j\opentest4j\1.2.0\opentest4j-1.2.0.jar;C:\Users\Mihajlo Popovic\.m2\repository\org\junit\platform\junit-platform-commons\1.8.1\junit-platform-commons-1.8.1.jar;C:\Users\Mihajlo Popovic\.m2\repository\org\apiguardian\apiguardian-api\1.1.2\apiguardian-api-1.1.2.jar;C:\Users\Mihajlo Popovic\.m2\repository\org\junit\jupiter\junit-jupiter-engine\5.8.1\junit-jupiter-engine-5.8.1.jar;C:\Users\Mihajlo Popovic\.m2\repository\org\junit\platform\junit-platform-engine\1.8.1\junit-platform-engine-1.8.1.jar;C:\Users\Mihajlo Popovic\.m2\repository\org\mockito\mockito-core\5.5.0\mockito-core-5.5.0.jar;C:\Users\Mihajlo Popovic\.m2\repository\net\bytebuddy\byte-buddy\1.14.6\byte-buddy-1.14.6.jar;C:\Users\Mihajlo Popovic\.m2\repository\net\bytebuddy\byte-buddy-agent\1.14.6\byte-buddy-agent-1.14.6.jar;C:\Users\Mihajlo Popovic\.m2\repository\org\objenesis\objenesis\3.3\objenesis-3.3.jar;"/>
    <property name="java.vm.vendor" value="Oracle Corporation"/>
    <property name="sun.arch.data.model" value="64"/>
    <property name="user.variant" value=""/>
    <property name="java.vendor.url" value="https://java.oracle.com/"/>
    <property name="user.timezone" value="Europe/Budapest"/>
    <property name="os.name" value="Windows 11"/>
    <property name="java.vm.specification.version" value="20"/>
    <property name="user.country" value="GB"/>
    <property name="sun.java.launcher" value="SUN_STANDARD"/>
    <property name="sun.boot.library.path" value="C:\Program Files\Java\jdk-20\bin"/>
    <property name="sun.java.command" value="C:\Users\Mihajlo Popovic\AppData\Local\Temp\surefire18232512556816563278\surefirebooter-20240728143005380_3.jar C:\Users\Mihajlo Popovic\AppData\Local\Temp\surefire18232512556816563278 2024-07-28T14-30-05_201-jvmRun1 surefire-20240728143005380_1tmp surefire_0-20240728143005380_2tmp"/>
    <property name="jdk.debug" value="release"/>
    <property name="test" value="logic.so.AbstractSOTest"/>
    <property name="surefire.test.class.path" value="C:\Users\Mihajlo Popovic\OneDrive\Desktop\NP\np_projekat\NP_Server\target\test-classes;C:\Users\Mihajlo Popovic\OneDrive\Desktop\NP\np_projekat\NP_Server\target\classes;C:\Users\Mihajlo Popovic\.m2\repository\com\np_common\NP_Common\1.0-SNAPSHOT\NP_Common-1.0-SNAPSHOT.jar;C:\Users\Mihajlo Popovic\.m2\repository\com\fasterxml\jackson\core\jackson-databind\2.13.3\jackson-databind-2.13.3.jar;C:\Users\Mihajlo Popovic\.m2\repository\com\fasterxml\jackson\core\jackson-annotations\2.13.3\jackson-annotations-2.13.3.jar;C:\Users\Mihajlo Popovic\.m2\repository\com\fasterxml\jackson\core\jackson-core\2.13.3\jackson-core-2.13.3.jar;C:\Users\Mihajlo Popovic\.m2\repository\mysql\mysql-connector-java\8.0.26\mysql-connector-java-8.0.26.jar;C:\Users\Mihajlo Popovic\.m2\repository\com\google\protobuf\protobuf-java\3.11.4\protobuf-java-3.11.4.jar;C:\Users\Mihajlo Popovic\.m2\repository\org\junit\jupiter\junit-jupiter-api\5.8.1\junit-jupiter-api-5.8.1.jar;C:\Users\Mihajlo Popovic\.m2\repository\org\opentest4j\opentest4j\1.2.0\opentest4j-1.2.0.jar;C:\Users\Mihajlo Popovic\.m2\repository\org\junit\platform\junit-platform-commons\1.8.1\junit-platform-commons-1.8.1.jar;C:\Users\Mihajlo Popovic\.m2\repository\org\apiguardian\apiguardian-api\1.1.2\apiguardian-api-1.1.2.jar;C:\Users\Mihajlo Popovic\.m2\repository\org\junit\jupiter\junit-jupiter-engine\5.8.1\junit-jupiter-engine-5.8.1.jar;C:\Users\Mihajlo Popovic\.m2\repository\org\junit\platform\junit-platform-engine\1.8.1\junit-platform-engine-1.8.1.jar;C:\Users\Mihajlo Popovic\.m2\repository\org\mockito\mockito-core\5.5.0\mockito-core-5.5.0.jar;C:\Users\Mihajlo Popovic\.m2\repository\net\bytebuddy\byte-buddy\1.14.6\byte-buddy-1.14.6.jar;C:\Users\Mihajlo Popovic\.m2\repository\net\bytebuddy\byte-buddy-agent\1.14.6\byte-buddy-agent-1.14.6.jar;C:\Users\Mihajlo Popovic\.m2\repository\org\objenesis\objenesis\3.3\objenesis-3.3.jar;"/>
    <property name="sun.cpu.endian" value="little"/>
    <property name="user.home" value="C:\Users\Mihajlo Popovic"/>
    <property name="user.language" value="en"/>
    <property name="java.specification.vendor" value="Oracle Corporation"/>
    <property name="java.version.date" value="2023-04-18"/>
    <property name="java.home" value="C:\Program Files\Java\jdk-20"/>
    <property name="file.separator" value="\"/>
    <property name="basedir" value="C:\Users\Mihajlo Popovic\OneDrive\Desktop\NP\np_projekat\NP_Server"/>
    <property name="java.vm.compressedOopsMode" value="Zero based"/>
    <property name="line.separator" value="&#10;"/>
    <property name="java.vm.specification.vendor" value="Oracle Corporation"/>
    <property name="java.specification.name" value="Java Platform API Specification"/>
    <property name="surefire.real.class.path" value="C:\Users\Mihajlo Popovic\AppData\Local\Temp\surefire18232512556816563278\surefirebooter-20240728143005380_3.jar"/>
    <property name="user.script" value=""/>
    <property name="sun.management.compiler" value="HotSpot 64-Bit Tiered Compilers"/>
    <property name="java.runtime.version" value="20.0.1+9-29"/>
    <property name="user.name" value="Mihajlo Popovic"/>
    <property name="stdout.encoding" value="Cp1252"/>
    <property name="path.separator" value=";"/>
    <property name="os.version" value="10.0"/>
    <property name="java.runtime.name" value="Java(TM) SE Runtime Environment"/>
    <property name="file.encoding" value="UTF-8"/>
    <property name="java.vm.name" value="Java HotSpot(TM) 64-Bit Server VM"/>
    <property name="maven.ext.class.path" value="C:\Program Files\NetBeans-19\netbeans\java\maven-nblib\netbeans-eventspy.jar"/>
    <property name="localRepository" value="C:\Users\Mihajlo Popovic\.m2\repository"/>
    <property name="java.vendor.url.bug" value="https://bugreport.java.com/bugreport/"/>
    <property name="java.io.tmpdir" value="C:\Users\MIHAJL~1\AppData\Local\Temp\"/>
    <property name="java.version" value="20.0.1"/>
    <property name="user.dir" value="C:\Users\Mihajlo Popovic\OneDrive\Desktop\NP\np_projekat\NP_Server"/>
    <property name="os.arch" value="amd64"/>
    <property name="java.vm.specification.name" value="Java Virtual Machine Specification"/>
    <property name="sun.os.patch.level" value=""/>
    <property name="native.encoding" value="Cp1252"/>
    <property name="java.library.path" value="C:\Program Files\Java\jdk-20\bin;C:\WINDOWS\Sun\Java\bin;C:\WINDOWS\system32;C:\WINDOWS;C:\Program Files\Python311\Scripts\;C:\Program Files\Python311\;C:\Program Files\Python312\Scripts\;C:\Program Files\Python312\;C:\Program Files\Common Files\Oracle\Java\javapath;C:\WINDOWS\system32;C:\WINDOWS;C:\WINDOWS\System32\Wbem;C:\WINDOWS\System32\WindowsPowerShell\v1.0\;C:\WINDOWS\System32\OpenSSH\;C:\Program Files\dotnet\;C:\php-8.2.10;C:\xampp\php;C:\Program Files\nodejs\;C:\Users\Mihajlo Popovic\Downloads\apache-maven-3.9.6-bin\apache-maven-3.9.6;C:\Program Files\Git\cmd;C:\Users\Mihajlo Popovic\AppData\Local\Microsoft\WindowsApps;;C:\Users\Mihajlo Popovic\.dotnet\tools;C:\Program Files\JetBrains\PyCharm 2023.2.2\bin;;C:\Users\Mihajlo Popovic\AppData\Local\Programs\Microsoft VS Code\bin;C:\Program Files\JetBrains\DataSpell 2023.3.2\bin;;C:\Users\Mihajlo Popovic\AppData\Roaming\npm;."/>
    <property name="java.vm.info" value="mixed mode, sharing"/>
    <property name="stderr.encoding" value="Cp1252"/>
    <property name="java.vendor" value="Oracle Corporation"/>
    <property name="java.vm.version" value="20.0.1+9-29"/>
    <property name="sun.io.unicode.encoding" value="UnicodeLittle"/>
    <property name="java.class.version" value="64.0"/>
  </properties>
  <testcase name="testExecuteValidArgument" classname="logic.so.AbstractSOTest" time="1.243">
    <system-out><![CDATA[Konekcija sa bazom podataka uspesno uspostavljena!
Konekcija sa bazom podataka uspesno uspostavljena!
Konekcija sa bazom podataka uspesno uspostavljena!
Konekcija sa bazom podataka uspesno uspostavljena!
Konekcija sa bazom podataka uspesno uspostavljena!
Konekcija sa bazom podataka uspesno uspostavljena!
Konekcija sa bazom podataka uspesno uspostavljena!
Konekcija sa bazom podataka uspesno uspostavljena!
Konekcija sa bazom podataka uspesno uspostavljena!
Konekcija sa bazom podataka uspesno uspostavljena!
Konekcija sa bazom podataka uspesno uspostavljena!
Konekcija sa bazom podataka uspesno uspostavljena!
Konekcija sa bazom podataka uspesno uspostavljena!
Konekcija sa bazom podataka uspesno uspostavljena!
Konekcija sa bazom podataka uspesno uspostavljena!
Konekcija sa bazom podataka uspesno uspostavljena!
Konekcija sa bazom podataka uspesno uspostavljena!
Konekcija sa bazom podataka uspesno uspostavljena!
Konekcija sa bazom podataka uspesno uspostavljena!
Konekcija sa bazom podataka uspesno uspostavljena!
Konekcija sa bazom podataka uspesno uspostavljena!
Konekcija sa bazom podataka uspesno uspostavljena!
Konekcija sa bazom podataka uspesno uspostavljena!
Konekcija sa bazom podataka uspesno uspostavljena!
Konekcija sa bazom podataka uspesno uspostavljena!
Konekcija sa bazom podataka uspesno uspostavljena!
Konekcija sa bazom podataka uspesno uspostavljena!
Konekcija sa bazom podataka uspesno uspostavljena!
Konekcija sa bazom podataka uspesno uspostavljena!
Konekcija sa bazom podataka uspesno uspostavljena!
Konekcija sa bazom podataka uspesno uspostavljena!
Konekcija sa bazom podataka uspesno uspostavljena!
Konekcija sa bazom podataka uspesno uspostavljena!
Konekcija sa bazom podataka uspesno uspostavljena!
Konekcija sa bazom podataka uspesno uspostavljena!
Konekcija sa bazom podataka uspesno uspostavljena!
Konekcija sa bazom podataka uspesno uspostavljena!
Konekcija sa bazom podataka uspesno uspostavljena!
Konekcija sa bazom podataka uspesno uspostavljena!
Konekcija sa bazom podataka uspesno uspostavljena!
Konekcija sa bazom podataka uspesno uspostavljena!
Konekcija sa bazom podataka uspesno uspostavljena!
Konekcija sa bazom podataka uspesno uspostavljena!
Konekcija sa bazom podataka uspesno uspostavljena!
Konekcija sa bazom podataka uspesno uspostavljena!
Konekcija sa bazom podataka uspesno uspostavljena!
Konekcija sa bazom podataka uspesno uspostavljena!
Konekcija sa bazom podataka uspesno uspostavljena!
Konekcija sa bazom podataka uspesno uspostavljena!
Konekcija sa bazom podataka uspesno uspostavljena!
]]></system-out>
  </testcase>
  <testcase name="testRollback" classname="logic.so.AbstractSOTest" time="0.002"/>
  <testcase name="testCommit" classname="logic.so.AbstractSOTest" time="0.002"/>
  <testcase name="testExecuteInvalidArgument" classname="logic.so.AbstractSOTest" time="0.003"/>
</testsuite>